<?xml version="1.0" encoding="UTF-8"?>
<testsuite name="com.ultras.footbalticketsapp.footballTeams.FootballTeamControllerIntegrationTest" tests="5" skipped="0" failures="0" errors="0" timestamp="2022-11-25T20:28:40" hostname="LUC" time="0.047">
  <properties/>
  <testcase name="testDeleteFootballTeam()" classname="com.ultras.footbalticketsapp.footballTeams.FootballTeamControllerIntegrationTest" time="0.014"/>
  <testcase name="testUpdateFootballTeam()" classname="com.ultras.footbalticketsapp.footballTeams.FootballTeamControllerIntegrationTest" time="0.01"/>
  <testcase name="testSaveFootballTeam()" classname="com.ultras.footbalticketsapp.footballTeams.FootballTeamControllerIntegrationTest" time="0.007"/>
  <testcase name="testGetFootballTeamById()" classname="com.ultras.footbalticketsapp.footballTeams.FootballTeamControllerIntegrationTest" time="0.006"/>
  <testcase name="testGetAllFootballTeams()" classname="com.ultras.footbalticketsapp.footballTeams.FootballTeamControllerIntegrationTest" time="0.005"/>
  <system-out><![CDATA[2022-11-25 21:28:39.970  INFO 3800 --- [    Test worker] o.s.t.c.support.AbstractContextLoader    : Could not detect default resource locations for test class [com.ultras.footbalticketsapp.footballTeams.FootballTeamControllerIntegrationTest]: no resource found for suffixes {-context.xml, Context.groovy}.
2022-11-25 21:28:39.982  INFO 3800 --- [    Test worker] .b.t.a.w.s.WebMvcTestContextBootstrapper : Loaded default TestExecutionListener class names from location [META-INF/spring.factories]: [org.springframework.security.test.context.support.WithSecurityContextTestExecutionListener, org.springframework.security.test.context.support.ReactorContextTestExecutionListener, org.springframework.boot.test.autoconfigure.restdocs.RestDocsTestExecutionListener, org.springframework.boot.test.autoconfigure.web.client.MockRestServiceServerResetTestExecutionListener, org.springframework.boot.test.autoconfigure.web.servlet.MockMvcPrintOnlyOnFailureTestExecutionListener, org.springframework.boot.test.autoconfigure.web.servlet.WebDriverTestExecutionListener, org.springframework.boot.test.autoconfigure.webservices.client.MockWebServiceServerTestExecutionListener, org.springframework.boot.test.mock.mockito.MockitoTestExecutionListener, org.springframework.boot.test.mock.mockito.ResetMocksTestExecutionListener, org.springframework.test.context.web.ServletTestExecutionListener, org.springframework.test.context.support.DirtiesContextBeforeModesTestExecutionListener, org.springframework.test.context.event.ApplicationEventsTestExecutionListener, org.springframework.test.context.support.DependencyInjectionTestExecutionListener, org.springframework.test.context.support.DirtiesContextTestExecutionListener, org.springframework.test.context.transaction.TransactionalTestExecutionListener, org.springframework.test.context.jdbc.SqlScriptsTestExecutionListener, org.springframework.test.context.event.EventPublishingTestExecutionListener]
2022-11-25 21:28:39.983  INFO 3800 --- [    Test worker] .b.t.a.w.s.WebMvcTestContextBootstrapper : Using TestExecutionListeners: [org.springframework.test.context.web.ServletTestExecutionListener@5a0dc408, org.springframework.test.context.support.DirtiesContextBeforeModesTestExecutionListener@6e73d8b6, org.springframework.test.context.event.ApplicationEventsTestExecutionListener@5c57d12b, org.springframework.boot.test.mock.mockito.MockitoTestExecutionListener@36040337, org.springframework.boot.test.autoconfigure.SpringBootDependencyInjectionTestExecutionListener@29dbc7b, org.springframework.test.context.support.DirtiesContextTestExecutionListener@72db62f6, org.springframework.test.context.transaction.TransactionalTestExecutionListener@10e72b0f, org.springframework.test.context.jdbc.SqlScriptsTestExecutionListener@66c8f9f, org.springframework.security.test.context.support.WithSecurityContextTestExecutionListener@69fd854d, org.springframework.test.context.event.EventPublishingTestExecutionListener@40189656, org.springframework.security.test.context.support.ReactorContextTestExecutionListener@698e7209, org.springframework.boot.test.autoconfigure.restdocs.RestDocsTestExecutionListener@b7c18d0, org.springframework.boot.test.autoconfigure.web.client.MockRestServiceServerResetTestExecutionListener@e2e331f, org.springframework.boot.test.autoconfigure.web.servlet.MockMvcPrintOnlyOnFailureTestExecutionListener@a00beaa, org.springframework.boot.test.autoconfigure.web.servlet.WebDriverTestExecutionListener@10048bd9, org.springframework.boot.test.autoconfigure.webservices.client.MockWebServiceServerTestExecutionListener@7bd5bb91, org.springframework.boot.test.mock.mockito.ResetMocksTestExecutionListener@41cd93f]

  .   ____          _            __ _ _
 /\\ / ___'_ __ _ _(_)_ __  __ _ \ \ \ \
( ( )\___ | '_ | '_| | '_ \/ _` | \ \ \ \
 \\/  ___)| |_)| | | | | || (_| |  ) ) ) )
  '  |____| .__|_| |_|_| |_\__, | / / / /
 =========|_|==============|___/=/_/_/_/
 :: Spring Boot ::                (v2.7.3)

2022-11-25 21:28:40.005  INFO 3800 --- [    Test worker] .f.FootballTeamControllerIntegrationTest : Starting FootballTeamControllerIntegrationTest using Java 17.0.4.1 on Luc with PID 3800 (started by lacho in C:\Users\lacho\Desktop\football-app\football-tickets-app)
2022-11-25 21:28:40.005  INFO 3800 --- [    Test worker] .f.FootballTeamControllerIntegrationTest : No active profile set, falling back to 1 default profile: "default"
2022-11-25 21:28:40.310  WARN 3800 --- [    Test worker] .s.s.UserDetailsServiceAutoConfiguration : 

Using generated security password: 9d3a13ed-c802-49da-99fb-7e19c34bbbdc

This generated password is for development use only. Your security configuration must be updated before running your application in production.

2022-11-25 21:28:40.384  INFO 3800 --- [    Test worker] o.s.s.web.DefaultSecurityFilterChain     : Will secure any request with [org.springframework.security.web.session.DisableEncodeUrlFilter@d3f2b, org.springframework.security.web.context.request.async.WebAsyncManagerIntegrationFilter@4127d5b1, org.springframework.security.web.context.SecurityContextPersistenceFilter@1949f6f, org.springframework.security.web.header.HeaderWriterFilter@4c27e5b1, org.springframework.security.web.csrf.CsrfFilter@e09cbfb, org.springframework.security.web.authentication.logout.LogoutFilter@552124f8, org.springframework.security.web.authentication.UsernamePasswordAuthenticationFilter@34bac450, org.springframework.security.web.authentication.ui.DefaultLoginPageGeneratingFilter@4a9e8345, org.springframework.security.web.authentication.ui.DefaultLogoutPageGeneratingFilter@22fea72, org.springframework.security.web.authentication.www.BasicAuthenticationFilter@1e6bb40b, org.springframework.security.web.savedrequest.RequestCacheAwareFilter@aaf94b, org.springframework.security.web.servletapi.SecurityContextHolderAwareRequestFilter@73538e82, org.springframework.security.web.authentication.AnonymousAuthenticationFilter@788b766a, org.springframework.security.web.session.SessionManagementFilter@6c4aa7da, org.springframework.security.web.access.ExceptionTranslationFilter@cb1a1cf, org.springframework.security.web.access.intercept.FilterSecurityInterceptor@4ea17950]
2022-11-25 21:28:40.423  INFO 3800 --- [    Test worker] o.s.b.t.m.w.SpringBootMockServletContext : Initializing Spring TestDispatcherServlet ''
2022-11-25 21:28:40.424  INFO 3800 --- [    Test worker] o.s.t.web.servlet.TestDispatcherServlet  : Initializing Servlet ''
2022-11-25 21:28:40.424  INFO 3800 --- [    Test worker] o.s.t.web.servlet.TestDispatcherServlet  : Completed initialization in 0 ms
2022-11-25 21:28:40.433  INFO 3800 --- [    Test worker] .f.FootballTeamControllerIntegrationTest : Started FootballTeamControllerIntegrationTest in 0.447 seconds (JVM running for 9.423)
2022-11-25 21:28:40.439  INFO 3800 --- [    Test worker] o.s.b.t.m.w.SpringBootMockServletContext : Initializing Spring TestDispatcherServlet ''
2022-11-25 21:28:40.439  INFO 3800 --- [    Test worker] o.s.t.web.servlet.TestDispatcherServlet  : Initializing Servlet ''
2022-11-25 21:28:40.439  INFO 3800 --- [    Test worker] o.s.t.web.servlet.TestDispatcherServlet  : Completed initialization in 0 ms
2022-11-25 21:28:40.452  INFO 3800 --- [    Test worker] o.s.b.t.m.w.SpringBootMockServletContext : Initializing Spring TestDispatcherServlet ''
2022-11-25 21:28:40.453  INFO 3800 --- [    Test worker] o.s.t.web.servlet.TestDispatcherServlet  : Initializing Servlet ''
2022-11-25 21:28:40.453  INFO 3800 --- [    Test worker] o.s.t.web.servlet.TestDispatcherServlet  : Completed initialization in 0 ms
2022-11-25 21:28:40.463  INFO 3800 --- [    Test worker] o.s.b.t.m.w.SpringBootMockServletContext : Initializing Spring TestDispatcherServlet ''
2022-11-25 21:28:40.463  INFO 3800 --- [    Test worker] o.s.t.web.servlet.TestDispatcherServlet  : Initializing Servlet ''
2022-11-25 21:28:40.464  INFO 3800 --- [    Test worker] o.s.t.web.servlet.TestDispatcherServlet  : Completed initialization in 1 ms
2022-11-25 21:28:40.472  INFO 3800 --- [    Test worker] o.s.b.t.m.w.SpringBootMockServletContext : Initializing Spring TestDispatcherServlet ''
2022-11-25 21:28:40.472  INFO 3800 --- [    Test worker] o.s.t.web.servlet.TestDispatcherServlet  : Initializing Servlet ''
2022-11-25 21:28:40.472  INFO 3800 --- [    Test worker] o.s.t.web.servlet.TestDispatcherServlet  : Completed initialization in 0 ms
2022-11-25 21:28:40.479  INFO 3800 --- [    Test worker] o.s.b.t.m.w.SpringBootMockServletContext : Initializing Spring TestDispatcherServlet ''
2022-11-25 21:28:40.479  INFO 3800 --- [    Test worker] o.s.t.web.servlet.TestDispatcherServlet  : Initializing Servlet ''
2022-11-25 21:28:40.479  INFO 3800 --- [    Test worker] o.s.t.web.servlet.TestDispatcherServlet  : Completed initialization in 0 ms
]]></system-out>
  <system-err><![CDATA[]]></system-err>
</testsuite>
