<?xml version="1.0" encoding="UTF-8"?>
<testsuite name="com.ultras.footbalticketsapp.users.UserControllerIntegrationTest" tests="9" skipped="0" failures="0" errors="0" timestamp="2022-11-25T20:28:42" hostname="LUC" time="0.15">
  <properties/>
  <testcase name="testGetUserByEmail()" classname="com.ultras.footbalticketsapp.users.UserControllerIntegrationTest" time="0.02"/>
  <testcase name="testGetAllUsers()" classname="com.ultras.footbalticketsapp.users.UserControllerIntegrationTest" time="0.006"/>
  <testcase name="testUpdateUser()" classname="com.ultras.footbalticketsapp.users.UserControllerIntegrationTest" time="0.059"/>
  <testcase name="testRegisterUser()" classname="com.ultras.footbalticketsapp.users.UserControllerIntegrationTest" time="0.02"/>
  <testcase name="testMakeUserAdmin()" classname="com.ultras.footbalticketsapp.users.UserControllerIntegrationTest" time="0.006"/>
  <testcase name="testRegisterUser2()" classname="com.ultras.footbalticketsapp.users.UserControllerIntegrationTest" time="0.009"/>
  <testcase name="testUpdatePassword()" classname="com.ultras.footbalticketsapp.users.UserControllerIntegrationTest" time="0.009"/>
  <testcase name="testDeleteUser()" classname="com.ultras.footbalticketsapp.users.UserControllerIntegrationTest" time="0.006"/>
  <testcase name="testGetUserById()" classname="com.ultras.footbalticketsapp.users.UserControllerIntegrationTest" time="0.007"/>
  <system-out><![CDATA[2022-11-25 21:28:41.724  INFO 3800 --- [    Test worker] o.s.t.c.support.AbstractContextLoader    : Could not detect default resource locations for test class [com.ultras.footbalticketsapp.users.UserControllerIntegrationTest]: no resource found for suffixes {-context.xml, Context.groovy}.
2022-11-25 21:28:41.727  INFO 3800 --- [    Test worker] .b.t.a.w.s.WebMvcTestContextBootstrapper : Loaded default TestExecutionListener class names from location [META-INF/spring.factories]: [org.springframework.security.test.context.support.WithSecurityContextTestExecutionListener, org.springframework.security.test.context.support.ReactorContextTestExecutionListener, org.springframework.boot.test.autoconfigure.restdocs.RestDocsTestExecutionListener, org.springframework.boot.test.autoconfigure.web.client.MockRestServiceServerResetTestExecutionListener, org.springframework.boot.test.autoconfigure.web.servlet.MockMvcPrintOnlyOnFailureTestExecutionListener, org.springframework.boot.test.autoconfigure.web.servlet.WebDriverTestExecutionListener, org.springframework.boot.test.autoconfigure.webservices.client.MockWebServiceServerTestExecutionListener, org.springframework.boot.test.mock.mockito.MockitoTestExecutionListener, org.springframework.boot.test.mock.mockito.ResetMocksTestExecutionListener, org.springframework.test.context.web.ServletTestExecutionListener, org.springframework.test.context.support.DirtiesContextBeforeModesTestExecutionListener, org.springframework.test.context.event.ApplicationEventsTestExecutionListener, org.springframework.test.context.support.DependencyInjectionTestExecutionListener, org.springframework.test.context.support.DirtiesContextTestExecutionListener, org.springframework.test.context.transaction.TransactionalTestExecutionListener, org.springframework.test.context.jdbc.SqlScriptsTestExecutionListener, org.springframework.test.context.event.EventPublishingTestExecutionListener]
2022-11-25 21:28:41.728  INFO 3800 --- [    Test worker] .b.t.a.w.s.WebMvcTestContextBootstrapper : Using TestExecutionListeners: [org.springframework.test.context.web.ServletTestExecutionListener@7d017e4, org.springframework.test.context.support.DirtiesContextBeforeModesTestExecutionListener@176cb4b5, org.springframework.test.context.event.ApplicationEventsTestExecutionListener@15a55f69, org.springframework.boot.test.mock.mockito.MockitoTestExecutionListener@ef5a84, org.springframework.boot.test.autoconfigure.SpringBootDependencyInjectionTestExecutionListener@787124a, org.springframework.test.context.support.DirtiesContextTestExecutionListener@75bcd713, org.springframework.test.context.transaction.TransactionalTestExecutionListener@4add90da, org.springframework.test.context.jdbc.SqlScriptsTestExecutionListener@301cd87f, org.springframework.security.test.context.support.WithSecurityContextTestExecutionListener@fb69974, org.springframework.test.context.event.EventPublishingTestExecutionListener@1c21d3de, org.springframework.security.test.context.support.ReactorContextTestExecutionListener@3adcdbc0, org.springframework.boot.test.autoconfigure.restdocs.RestDocsTestExecutionListener@6c5523c4, org.springframework.boot.test.autoconfigure.web.client.MockRestServiceServerResetTestExecutionListener@57936a03, org.springframework.boot.test.autoconfigure.web.servlet.MockMvcPrintOnlyOnFailureTestExecutionListener@45beec0c, org.springframework.boot.test.autoconfigure.web.servlet.WebDriverTestExecutionListener@19603da0, org.springframework.boot.test.autoconfigure.webservices.client.MockWebServiceServerTestExecutionListener@5cee664b, org.springframework.boot.test.mock.mockito.ResetMocksTestExecutionListener@1061dca7]

  .   ____          _            __ _ _
 /\\ / ___'_ __ _ _(_)_ __  __ _ \ \ \ \
( ( )\___ | '_ | '_| | '_ \/ _` | \ \ \ \
 \\/  ___)| |_)| | | | | || (_| |  ) ) ) )
  '  |____| .__|_| |_|_| |_\__, | / / / /
 =========|_|==============|___/=/_/_/_/
 :: Spring Boot ::                (v2.7.3)

2022-11-25 21:28:41.744  INFO 3800 --- [    Test worker] c.u.f.u.UserControllerIntegrationTest    : Starting UserControllerIntegrationTest using Java 17.0.4.1 on Luc with PID 3800 (started by lacho in C:\Users\lacho\Desktop\football-app\football-tickets-app)
2022-11-25 21:28:41.744  INFO 3800 --- [    Test worker] c.u.f.u.UserControllerIntegrationTest    : No active profile set, falling back to 1 default profile: "default"
2022-11-25 21:28:42.002  WARN 3800 --- [    Test worker] .s.s.UserDetailsServiceAutoConfiguration : 

Using generated security password: 7a63fee8-fc3e-4f8a-a4ac-18835705f20d

This generated password is for development use only. Your security configuration must be updated before running your application in production.

2022-11-25 21:28:42.057  INFO 3800 --- [    Test worker] o.s.s.web.DefaultSecurityFilterChain     : Will secure any request with [org.springframework.security.web.session.DisableEncodeUrlFilter@49db5424, org.springframework.security.web.context.request.async.WebAsyncManagerIntegrationFilter@1df468bf, org.springframework.security.web.context.SecurityContextPersistenceFilter@4110a518, org.springframework.security.web.header.HeaderWriterFilter@54905a9e, org.springframework.security.web.csrf.CsrfFilter@61078f35, org.springframework.security.web.authentication.logout.LogoutFilter@352aa25a, org.springframework.security.web.authentication.UsernamePasswordAuthenticationFilter@7930ac6c, org.springframework.security.web.authentication.ui.DefaultLoginPageGeneratingFilter@56eab19c, org.springframework.security.web.authentication.ui.DefaultLogoutPageGeneratingFilter@615bf4a1, org.springframework.security.web.authentication.www.BasicAuthenticationFilter@3f2adeb7, org.springframework.security.web.savedrequest.RequestCacheAwareFilter@3b485e9, org.springframework.security.web.servletapi.SecurityContextHolderAwareRequestFilter@55266bab, org.springframework.security.web.authentication.AnonymousAuthenticationFilter@8ed515b, org.springframework.security.web.session.SessionManagementFilter@1cb3ef9c, org.springframework.security.web.access.ExceptionTranslationFilter@73d6261d, org.springframework.security.web.access.intercept.FilterSecurityInterceptor@15882e7e]
2022-11-25 21:28:42.081  INFO 3800 --- [    Test worker] o.s.b.t.m.w.SpringBootMockServletContext : Initializing Spring TestDispatcherServlet ''
2022-11-25 21:28:42.081  INFO 3800 --- [    Test worker] o.s.t.web.servlet.TestDispatcherServlet  : Initializing Servlet ''
2022-11-25 21:28:42.082  INFO 3800 --- [    Test worker] o.s.t.web.servlet.TestDispatcherServlet  : Completed initialization in 1 ms
2022-11-25 21:28:42.088  INFO 3800 --- [    Test worker] c.u.f.u.UserControllerIntegrationTest    : Started UserControllerIntegrationTest in 0.358 seconds (JVM running for 11.078)
2022-11-25 21:28:42.091  INFO 3800 --- [    Test worker] o.s.b.t.m.w.SpringBootMockServletContext : Initializing Spring TestDispatcherServlet ''
2022-11-25 21:28:42.091  INFO 3800 --- [    Test worker] o.s.t.web.servlet.TestDispatcherServlet  : Initializing Servlet ''
2022-11-25 21:28:42.091  INFO 3800 --- [    Test worker] o.s.t.web.servlet.TestDispatcherServlet  : Completed initialization in 0 ms
2022-11-25 21:28:42.111  INFO 3800 --- [    Test worker] o.s.b.t.m.w.SpringBootMockServletContext : Initializing Spring TestDispatcherServlet ''
2022-11-25 21:28:42.111  INFO 3800 --- [    Test worker] o.s.t.web.servlet.TestDispatcherServlet  : Initializing Servlet ''
2022-11-25 21:28:42.111  INFO 3800 --- [    Test worker] o.s.t.web.servlet.TestDispatcherServlet  : Completed initialization in 0 ms
2022-11-25 21:28:42.117  INFO 3800 --- [    Test worker] o.s.b.t.m.w.SpringBootMockServletContext : Initializing Spring TestDispatcherServlet ''
2022-11-25 21:28:42.117  INFO 3800 --- [    Test worker] o.s.t.web.servlet.TestDispatcherServlet  : Initializing Servlet ''
2022-11-25 21:28:42.118  INFO 3800 --- [    Test worker] o.s.t.web.servlet.TestDispatcherServlet  : Completed initialization in 1 ms
2022-11-25 21:28:42.177  INFO 3800 --- [    Test worker] o.s.b.t.m.w.SpringBootMockServletContext : Initializing Spring TestDispatcherServlet ''
2022-11-25 21:28:42.177  INFO 3800 --- [    Test worker] o.s.t.web.servlet.TestDispatcherServlet  : Initializing Servlet ''
2022-11-25 21:28:42.178  INFO 3800 --- [    Test worker] o.s.t.web.servlet.TestDispatcherServlet  : Completed initialization in 1 ms
2022-11-25 21:28:42.187  INFO 3800 --- [    Test worker] o.s.mock.web.MockServletContext          : Initializing Spring TestDispatcherServlet ''
2022-11-25 21:28:42.188  INFO 3800 --- [    Test worker] o.s.t.web.servlet.TestDispatcherServlet  : Initializing Servlet ''
2022-11-25 21:28:42.188  INFO 3800 --- [    Test worker] o.s.t.web.servlet.TestDispatcherServlet  : Completed initialization in 0 ms
2022-11-25 21:28:42.198  INFO 3800 --- [    Test worker] o.s.b.t.m.w.SpringBootMockServletContext : Initializing Spring TestDispatcherServlet ''
2022-11-25 21:28:42.198  INFO 3800 --- [    Test worker] o.s.t.web.servlet.TestDispatcherServlet  : Initializing Servlet ''
2022-11-25 21:28:42.198  INFO 3800 --- [    Test worker] o.s.t.web.servlet.TestDispatcherServlet  : Completed initialization in 0 ms
2022-11-25 21:28:42.205  INFO 3800 --- [    Test worker] o.s.b.t.m.w.SpringBootMockServletContext : Initializing Spring TestDispatcherServlet ''
2022-11-25 21:28:42.205  INFO 3800 --- [    Test worker] o.s.t.web.servlet.TestDispatcherServlet  : Initializing Servlet ''
2022-11-25 21:28:42.206  INFO 3800 --- [    Test worker] o.s.t.web.servlet.TestDispatcherServlet  : Completed initialization in 1 ms
2022-11-25 21:28:42.215  INFO 3800 --- [    Test worker] o.s.b.t.m.w.SpringBootMockServletContext : Initializing Spring TestDispatcherServlet ''
2022-11-25 21:28:42.215  INFO 3800 --- [    Test worker] o.s.t.web.servlet.TestDispatcherServlet  : Initializing Servlet ''
2022-11-25 21:28:42.216  INFO 3800 --- [    Test worker] o.s.t.web.servlet.TestDispatcherServlet  : Completed initialization in 1 ms
2022-11-25 21:28:42.225  INFO 3800 --- [    Test worker] o.s.b.t.m.w.SpringBootMockServletContext : Initializing Spring TestDispatcherServlet ''
2022-11-25 21:28:42.226  INFO 3800 --- [    Test worker] o.s.t.web.servlet.TestDispatcherServlet  : Initializing Servlet ''
2022-11-25 21:28:42.226  INFO 3800 --- [    Test worker] o.s.t.web.servlet.TestDispatcherServlet  : Completed initialization in 0 ms
2022-11-25 21:28:42.233  INFO 3800 --- [    Test worker] o.s.b.t.m.w.SpringBootMockServletContext : Initializing Spring TestDispatcherServlet ''
2022-11-25 21:28:42.233  INFO 3800 --- [    Test worker] o.s.t.web.servlet.TestDispatcherServlet  : Initializing Servlet ''
2022-11-25 21:28:42.234  INFO 3800 --- [    Test worker] o.s.t.web.servlet.TestDispatcherServlet  : Completed initialization in 1 ms
]]></system-out>
  <system-err><![CDATA[]]></system-err>
</testsuite>
