<?xml version="1.0" encoding="UTF-8"?>
<testsuite name="com.ultras.footbalticketsapp.footballTeams.FootballTeamServiceTest" tests="10" skipped="0" failures="0" errors="0" timestamp="2022-11-25T20:28:40" hostname="LUC" time="0.104">
  <properties/>
  <testcase name="updateFootballTeam_throwsIllegalStateException_whenTeamIsNull()" classname="com.ultras.footbalticketsapp.footballTeams.FootballTeamServiceTest" time="0.058"/>
  <testcase name="testSaveFootballTeam()" classname="com.ultras.footbalticketsapp.footballTeams.FootballTeamServiceTest" time="0.014"/>
  <testcase name="updateStadium_throwsIllegalStateException_whenStadiumIsNull()" classname="com.ultras.footbalticketsapp.footballTeams.FootballTeamServiceTest" time="0.002"/>
  <testcase name="deleteFootballTeam_throwsIllegalStateException_whenTeamIsNull()" classname="com.ultras.footbalticketsapp.footballTeams.FootballTeamServiceTest" time="0.002"/>
  <testcase name="getAllTeams()" classname="com.ultras.footbalticketsapp.footballTeams.FootballTeamServiceTest" time="0.001"/>
  <testcase name="deleteFootballTeam()" classname="com.ultras.footbalticketsapp.footballTeams.FootballTeamServiceTest" time="0.003"/>
  <testcase name="updateFootballTeam()" classname="com.ultras.footbalticketsapp.footballTeams.FootballTeamServiceTest" time="0.008"/>
  <testcase name="getTeamById()" classname="com.ultras.footbalticketsapp.footballTeams.FootballTeamServiceTest" time="0.003"/>
  <testcase name="updateStadium()" classname="com.ultras.footbalticketsapp.footballTeams.FootballTeamServiceTest" time="0.003"/>
  <testcase name="saveFootballTeam_throwsIllegalStateException_whenFootballTeamAlreadyExists()" classname="com.ultras.footbalticketsapp.footballTeams.FootballTeamServiceTest" time="0.002"/>
  <system-out><![CDATA[2022-11-25 21:28:40.484  INFO 3800 --- [    Test worker] o.s.t.c.s.DefaultTestContextBootstrapper : Neither @ContextConfiguration nor @ContextHierarchy found for test class [com.ultras.footbalticketsapp.footballTeams.FootballTeamServiceTest], using DelegatingSmartContextLoader
2022-11-25 21:28:40.485  INFO 3800 --- [    Test worker] o.s.t.c.support.AbstractContextLoader    : Could not detect default resource locations for test class [com.ultras.footbalticketsapp.footballTeams.FootballTeamServiceTest]: no resource found for suffixes {-context.xml}.
2022-11-25 21:28:40.485  INFO 3800 --- [    Test worker] t.c.s.AnnotationConfigContextLoaderUtils : Could not detect default configuration classes for test class [com.ultras.footbalticketsapp.footballTeams.FootballTeamServiceTest]: FootballTeamServiceTest does not declare any static, non-private, non-final, nested classes annotated with @Configuration.
2022-11-25 21:28:40.486  INFO 3800 --- [    Test worker] o.s.t.c.s.DefaultTestContextBootstrapper : Loaded default TestExecutionListener class names from location [META-INF/spring.factories]: [org.springframework.security.test.context.support.WithSecurityContextTestExecutionListener, org.springframework.security.test.context.support.ReactorContextTestExecutionListener, org.springframework.boot.test.autoconfigure.restdocs.RestDocsTestExecutionListener, org.springframework.boot.test.autoconfigure.web.client.MockRestServiceServerResetTestExecutionListener, org.springframework.boot.test.autoconfigure.web.servlet.MockMvcPrintOnlyOnFailureTestExecutionListener, org.springframework.boot.test.autoconfigure.web.servlet.WebDriverTestExecutionListener, org.springframework.boot.test.autoconfigure.webservices.client.MockWebServiceServerTestExecutionListener, org.springframework.boot.test.mock.mockito.MockitoTestExecutionListener, org.springframework.boot.test.mock.mockito.ResetMocksTestExecutionListener, org.springframework.test.context.web.ServletTestExecutionListener, org.springframework.test.context.support.DirtiesContextBeforeModesTestExecutionListener, org.springframework.test.context.event.ApplicationEventsTestExecutionListener, org.springframework.test.context.support.DependencyInjectionTestExecutionListener, org.springframework.test.context.support.DirtiesContextTestExecutionListener, org.springframework.test.context.transaction.TransactionalTestExecutionListener, org.springframework.test.context.jdbc.SqlScriptsTestExecutionListener, org.springframework.test.context.event.EventPublishingTestExecutionListener]
2022-11-25 21:28:40.486  INFO 3800 --- [    Test worker] o.s.t.c.s.DefaultTestContextBootstrapper : Using TestExecutionListeners: [org.springframework.test.context.web.ServletTestExecutionListener@84ed7c7, org.springframework.test.context.support.DirtiesContextBeforeModesTestExecutionListener@38f89c02, org.springframework.test.context.event.ApplicationEventsTestExecutionListener@6fb763bd, org.springframework.boot.test.mock.mockito.MockitoTestExecutionListener@1cd922f, org.springframework.test.context.support.DependencyInjectionTestExecutionListener@7f438d3e, org.springframework.test.context.support.DirtiesContextTestExecutionListener@3271658, org.springframework.test.context.transaction.TransactionalTestExecutionListener@5759370a, org.springframework.test.context.jdbc.SqlScriptsTestExecutionListener@3a689b24, org.springframework.security.test.context.support.WithSecurityContextTestExecutionListener@5921db2a, org.springframework.test.context.event.EventPublishingTestExecutionListener@628f8380, org.springframework.security.test.context.support.ReactorContextTestExecutionListener@7c7019bc, org.springframework.boot.test.autoconfigure.restdocs.RestDocsTestExecutionListener@23f0cad, org.springframework.boot.test.autoconfigure.web.client.MockRestServiceServerResetTestExecutionListener@55107f4b, org.springframework.boot.test.autoconfigure.web.servlet.MockMvcPrintOnlyOnFailureTestExecutionListener@4b1d75ea, org.springframework.boot.test.autoconfigure.web.servlet.WebDriverTestExecutionListener@37dc38cc, org.springframework.boot.test.autoconfigure.webservices.client.MockWebServiceServerTestExecutionListener@4d7c00fe, org.springframework.boot.test.mock.mockito.ResetMocksTestExecutionListener@1bc0d43d]
]]></system-out>
  <system-err><![CDATA[]]></system-err>
</testsuite>
