<?xml version="1.0" encoding="UTF-8"?>
<testsuite name="com.ultras.footbalticketsapp.controller.UserControllerTest" tests="10" skipped="10" failures="0" errors="0" timestamp="2022-11-25T20:28:39" hostname="LUC" time="0.001">
  <properties/>
  <testcase name="testGetUserByEmail()" classname="com.ultras.footbalticketsapp.controller.UserControllerTest" time="0.0">
    <skipped/>
  </testcase>
  <testcase name="testDeleteUser2()" classname="com.ultras.footbalticketsapp.controller.UserControllerTest" time="0.0">
    <skipped/>
  </testcase>
  <testcase name="testGetAllUsers()" classname="com.ultras.footbalticketsapp.controller.UserControllerTest" time="0.0">
    <skipped/>
  </testcase>
  <testcase name="testUpdateUser()" classname="com.ultras.footbalticketsapp.controller.UserControllerTest" time="0.0">
    <skipped/>
  </testcase>
  <testcase name="testRegisterUser()" classname="com.ultras.footbalticketsapp.controller.UserControllerTest" time="0.0">
    <skipped/>
  </testcase>
  <testcase name="testMakeUserAdmin()" classname="com.ultras.footbalticketsapp.controller.UserControllerTest" time="0.0">
    <skipped/>
  </testcase>
  <testcase name="testGetAllUsers2()" classname="com.ultras.footbalticketsapp.controller.UserControllerTest" time="0.0">
    <skipped/>
  </testcase>
  <testcase name="testUpdatePassword()" classname="com.ultras.footbalticketsapp.controller.UserControllerTest" time="0.0">
    <skipped/>
  </testcase>
  <testcase name="testDeleteUser()" classname="com.ultras.footbalticketsapp.controller.UserControllerTest" time="0.0">
    <skipped/>
  </testcase>
  <testcase name="testGetUserById()" classname="com.ultras.footbalticketsapp.controller.UserControllerTest" time="0.0">
    <skipped/>
  </testcase>
  <system-out><![CDATA[]]></system-out>
  <system-err><![CDATA[]]></system-err>
</testsuite>
