<?xml version="1.0" encoding="UTF-8"?>
<testsuite name="com.ultras.footbalticketsapp.service.MatchServiceImplTest" tests="16" skipped="16" failures="0" errors="0" timestamp="2022-11-25T20:28:41" hostname="LUC" time="0.001">
  <properties/>
  <testcase name="testTicketBought()" classname="com.ultras.footbalticketsapp.service.MatchServiceImplTest" time="0.0">
    <skipped/>
  </testcase>
  <testcase name="testGetAllMatches2()" classname="com.ultras.footbalticketsapp.service.MatchServiceImplTest" time="0.0">
    <skipped/>
  </testcase>
  <testcase name="testUpdateMatch()" classname="com.ultras.footbalticketsapp.service.MatchServiceImplTest" time="0.0">
    <skipped/>
  </testcase>
  <testcase name="testGetMatchById2()" classname="com.ultras.footbalticketsapp.service.MatchServiceImplTest" time="0.0">
    <skipped/>
  </testcase>
  <testcase name="testDeleteMatchById2()" classname="com.ultras.footbalticketsapp.service.MatchServiceImplTest" time="0.0">
    <skipped/>
  </testcase>
  <testcase name="testDeleteMatchById3()" classname="com.ultras.footbalticketsapp.service.MatchServiceImplTest" time="0.0">
    <skipped/>
  </testcase>
  <testcase name="testDeleteMatchById4()" classname="com.ultras.footbalticketsapp.service.MatchServiceImplTest" time="0.0">
    <skipped/>
  </testcase>
  <testcase name="testGetAllMatches()" classname="com.ultras.footbalticketsapp.service.MatchServiceImplTest" time="0.0">
    <skipped/>
  </testcase>
  <testcase name="testUpdateMatch2()" classname="com.ultras.footbalticketsapp.service.MatchServiceImplTest" time="0.0">
    <skipped/>
  </testcase>
  <testcase name="testUpdateMatch3()" classname="com.ultras.footbalticketsapp.service.MatchServiceImplTest" time="0.0">
    <skipped/>
  </testcase>
  <testcase name="testSaveMatch2()" classname="com.ultras.footbalticketsapp.service.MatchServiceImplTest" time="0.0">
    <skipped/>
  </testcase>
  <testcase name="testSaveMatch3()" classname="com.ultras.footbalticketsapp.service.MatchServiceImplTest" time="0.0">
    <skipped/>
  </testcase>
  <testcase name="testSaveMatch()" classname="com.ultras.footbalticketsapp.service.MatchServiceImplTest" time="0.0">
    <skipped/>
  </testcase>
  <testcase name="testDeleteMatchById()" classname="com.ultras.footbalticketsapp.service.MatchServiceImplTest" time="0.0">
    <skipped/>
  </testcase>
  <testcase name="testTicketBought2()" classname="com.ultras.footbalticketsapp.service.MatchServiceImplTest" time="0.0">
    <skipped/>
  </testcase>
  <testcase name="testGetMatchById()" classname="com.ultras.footbalticketsapp.service.MatchServiceImplTest" time="0.0">
    <skipped/>
  </testcase>
  <system-out><![CDATA[]]></system-out>
  <system-err><![CDATA[]]></system-err>
</testsuite>
