<?xml version="1.0" encoding="UTF-8"?>
<testsuite name="com.ultras.footbalticketsapp.tickets.TicketControllerIntegrationTest" tests="3" skipped="0" failures="0" errors="0" timestamp="2022-11-25T20:28:41" hostname="LUC" time="0.034">
  <properties/>
  <testcase name="testGetTicketsByUserId()" classname="com.ultras.footbalticketsapp.tickets.TicketControllerIntegrationTest" time="0.008"/>
  <testcase name="testGetTicketById()" classname="com.ultras.footbalticketsapp.tickets.TicketControllerIntegrationTest" time="0.008"/>
  <testcase name="testBuyTicket()" classname="com.ultras.footbalticketsapp.tickets.TicketControllerIntegrationTest" time="0.015"/>
  <system-out><![CDATA[2022-11-25 21:28:41.292  INFO 3800 --- [    Test worker] o.s.t.c.support.AbstractContextLoader    : Could not detect default resource locations for test class [com.ultras.footbalticketsapp.tickets.TicketControllerIntegrationTest]: no resource found for suffixes {-context.xml, Context.groovy}.
2022-11-25 21:28:41.296  INFO 3800 --- [    Test worker] .b.t.a.w.s.WebMvcTestContextBootstrapper : Loaded default TestExecutionListener class names from location [META-INF/spring.factories]: [org.springframework.security.test.context.support.WithSecurityContextTestExecutionListener, org.springframework.security.test.context.support.ReactorContextTestExecutionListener, org.springframework.boot.test.autoconfigure.restdocs.RestDocsTestExecutionListener, org.springframework.boot.test.autoconfigure.web.client.MockRestServiceServerResetTestExecutionListener, org.springframework.boot.test.autoconfigure.web.servlet.MockMvcPrintOnlyOnFailureTestExecutionListener, org.springframework.boot.test.autoconfigure.web.servlet.WebDriverTestExecutionListener, org.springframework.boot.test.autoconfigure.webservices.client.MockWebServiceServerTestExecutionListener, org.springframework.boot.test.mock.mockito.MockitoTestExecutionListener, org.springframework.boot.test.mock.mockito.ResetMocksTestExecutionListener, org.springframework.test.context.web.ServletTestExecutionListener, org.springframework.test.context.support.DirtiesContextBeforeModesTestExecutionListener, org.springframework.test.context.event.ApplicationEventsTestExecutionListener, org.springframework.test.context.support.DependencyInjectionTestExecutionListener, org.springframework.test.context.support.DirtiesContextTestExecutionListener, org.springframework.test.context.transaction.TransactionalTestExecutionListener, org.springframework.test.context.jdbc.SqlScriptsTestExecutionListener, org.springframework.test.context.event.EventPublishingTestExecutionListener]
2022-11-25 21:28:41.297  INFO 3800 --- [    Test worker] .b.t.a.w.s.WebMvcTestContextBootstrapper : Using TestExecutionListeners: [org.springframework.test.context.web.ServletTestExecutionListener@324585e5, org.springframework.test.context.support.DirtiesContextBeforeModesTestExecutionListener@4f1093bd, org.springframework.test.context.event.ApplicationEventsTestExecutionListener@34b3a7c9, org.springframework.boot.test.mock.mockito.MockitoTestExecutionListener@6999e04d, org.springframework.boot.test.autoconfigure.SpringBootDependencyInjectionTestExecutionListener@776d3a36, org.springframework.test.context.support.DirtiesContextTestExecutionListener@3c2bc21d, org.springframework.test.context.transaction.TransactionalTestExecutionListener@150fb7be, org.springframework.test.context.jdbc.SqlScriptsTestExecutionListener@33b2a6da, org.springframework.security.test.context.support.WithSecurityContextTestExecutionListener@2d109610, org.springframework.test.context.event.EventPublishingTestExecutionListener@4fc98285, org.springframework.security.test.context.support.ReactorContextTestExecutionListener@27136e85, org.springframework.boot.test.autoconfigure.restdocs.RestDocsTestExecutionListener@13188cb, org.springframework.boot.test.autoconfigure.web.client.MockRestServiceServerResetTestExecutionListener@28383eeb, org.springframework.boot.test.autoconfigure.web.servlet.MockMvcPrintOnlyOnFailureTestExecutionListener@2b665cc3, org.springframework.boot.test.autoconfigure.web.servlet.WebDriverTestExecutionListener@173d786c, org.springframework.boot.test.autoconfigure.webservices.client.MockWebServiceServerTestExecutionListener@1ac7dd90, org.springframework.boot.test.mock.mockito.ResetMocksTestExecutionListener@73616745]

  .   ____          _            __ _ _
 /\\ / ___'_ __ _ _(_)_ __  __ _ \ \ \ \
( ( )\___ | '_ | '_| | '_ \/ _` | \ \ \ \
 \\/  ___)| |_)| | | | | || (_| |  ) ) ) )
  '  |____| .__|_| |_|_| |_\__, | / / / /
 =========|_|==============|___/=/_/_/_/
 :: Spring Boot ::                (v2.7.3)

2022-11-25 21:28:41.324  INFO 3800 --- [    Test worker] c.u.f.t.TicketControllerIntegrationTest  : Starting TicketControllerIntegrationTest using Java 17.0.4.1 on Luc with PID 3800 (started by lacho in C:\Users\lacho\Desktop\football-app\football-tickets-app)
2022-11-25 21:28:41.324  INFO 3800 --- [    Test worker] c.u.f.t.TicketControllerIntegrationTest  : No active profile set, falling back to 1 default profile: "default"
2022-11-25 21:28:41.590  WARN 3800 --- [    Test worker] .s.s.UserDetailsServiceAutoConfiguration : 

Using generated security password: cd997415-1083-4e59-955d-1be56de6c7a5

This generated password is for development use only. Your security configuration must be updated before running your application in production.

2022-11-25 21:28:41.645  INFO 3800 --- [    Test worker] o.s.s.web.DefaultSecurityFilterChain     : Will secure any request with [org.springframework.security.web.session.DisableEncodeUrlFilter@4200add0, org.springframework.security.web.context.request.async.WebAsyncManagerIntegrationFilter@114c94a2, org.springframework.security.web.context.SecurityContextPersistenceFilter@25aef64e, org.springframework.security.web.header.HeaderWriterFilter@76065be8, org.springframework.security.web.csrf.CsrfFilter@5661fc7a, org.springframework.security.web.authentication.logout.LogoutFilter@7998bb9e, org.springframework.security.web.authentication.UsernamePasswordAuthenticationFilter@2ed19da4, org.springframework.security.web.authentication.ui.DefaultLoginPageGeneratingFilter@4fd55294, org.springframework.security.web.authentication.ui.DefaultLogoutPageGeneratingFilter@33521792, org.springframework.security.web.authentication.www.BasicAuthenticationFilter@6d27a384, org.springframework.security.web.savedrequest.RequestCacheAwareFilter@5d573615, org.springframework.security.web.servletapi.SecurityContextHolderAwareRequestFilter@194aff4c, org.springframework.security.web.authentication.AnonymousAuthenticationFilter@6339a9ff, org.springframework.security.web.session.SessionManagementFilter@7cf54786, org.springframework.security.web.access.ExceptionTranslationFilter@186c1dab, org.springframework.security.web.access.intercept.FilterSecurityInterceptor@2d6fce1c]
2022-11-25 21:28:41.672  INFO 3800 --- [    Test worker] o.s.b.t.m.w.SpringBootMockServletContext : Initializing Spring TestDispatcherServlet ''
2022-11-25 21:28:41.672  INFO 3800 --- [    Test worker] o.s.t.web.servlet.TestDispatcherServlet  : Initializing Servlet ''
2022-11-25 21:28:41.673  INFO 3800 --- [    Test worker] o.s.t.web.servlet.TestDispatcherServlet  : Completed initialization in 0 ms
2022-11-25 21:28:41.680  INFO 3800 --- [    Test worker] c.u.f.t.TicketControllerIntegrationTest  : Started TicketControllerIntegrationTest in 0.38 seconds (JVM running for 10.67)
2022-11-25 21:28:41.684  INFO 3800 --- [    Test worker] o.s.b.t.m.w.SpringBootMockServletContext : Initializing Spring TestDispatcherServlet ''
2022-11-25 21:28:41.685  INFO 3800 --- [    Test worker] o.s.t.web.servlet.TestDispatcherServlet  : Initializing Servlet ''
2022-11-25 21:28:41.685  INFO 3800 --- [    Test worker] o.s.t.web.servlet.TestDispatcherServlet  : Completed initialization in 0 ms
2022-11-25 21:28:41.694  INFO 3800 --- [    Test worker] o.s.b.t.m.w.SpringBootMockServletContext : Initializing Spring TestDispatcherServlet ''
2022-11-25 21:28:41.694  INFO 3800 --- [    Test worker] o.s.t.web.servlet.TestDispatcherServlet  : Initializing Servlet ''
2022-11-25 21:28:41.695  INFO 3800 --- [    Test worker] o.s.t.web.servlet.TestDispatcherServlet  : Completed initialization in 1 ms
2022-11-25 21:28:41.702  INFO 3800 --- [    Test worker] o.s.b.t.m.w.SpringBootMockServletContext : Initializing Spring TestDispatcherServlet ''
2022-11-25 21:28:41.703  INFO 3800 --- [    Test worker] o.s.t.web.servlet.TestDispatcherServlet  : Initializing Servlet ''
2022-11-25 21:28:41.703  INFO 3800 --- [    Test worker] o.s.t.web.servlet.TestDispatcherServlet  : Completed initialization in 0 ms
]]></system-out>
  <system-err><![CDATA[]]></system-err>
</testsuite>
