<?xml version="1.0" encoding="UTF-8"?>
<testsuite name="com.ultras.footbalticketsapp.users.UserServiceTest" tests="17" skipped="3" failures="0" errors="0" timestamp="2022-11-25T20:28:42" hostname="LUC" time="0.076">
  <properties/>
  <testcase name="saveRole()" classname="com.ultras.footbalticketsapp.users.UserServiceTest" time="0.0">
    <skipped/>
  </testcase>
  <testcase name="saveUser()" classname="com.ultras.footbalticketsapp.users.UserServiceTest" time="0.044"/>
  <testcase name="makeUserAdminUserNull()" classname="com.ultras.footbalticketsapp.users.UserServiceTest" time="0.009"/>
  <testcase name="makeUserAdmin()" classname="com.ultras.footbalticketsapp.users.UserServiceTest" time="0.002"/>
  <testcase name="updatePasswordWrongPassword()" classname="com.ultras.footbalticketsapp.users.UserServiceTest" time="0.002"/>
  <testcase name="deleteUserByIdUserNull()" classname="com.ultras.footbalticketsapp.users.UserServiceTest" time="0.001"/>
  <testcase name="getUserByEmail()" classname="com.ultras.footbalticketsapp.users.UserServiceTest" time="0.002"/>
  <testcase name="getAllUsers()" classname="com.ultras.footbalticketsapp.users.UserServiceTest" time="0.001"/>
  <testcase name="updateUser()" classname="com.ultras.footbalticketsapp.users.UserServiceTest" time="0.002"/>
  <testcase name="loadUserByUsername()" classname="com.ultras.footbalticketsapp.users.UserServiceTest" time="0.0">
    <skipped/>
  </testcase>
  <testcase name="updateUserNull()" classname="com.ultras.footbalticketsapp.users.UserServiceTest" time="0.001"/>
  <testcase name="updatePasswordUserNull()" classname="com.ultras.footbalticketsapp.users.UserServiceTest" time="0.002"/>
  <testcase name="addRoleToUser()" classname="com.ultras.footbalticketsapp.users.UserServiceTest" time="0.0">
    <skipped/>
  </testcase>
  <testcase name="saveUserWithExistingEmail()" classname="com.ultras.footbalticketsapp.users.UserServiceTest" time="0.003"/>
  <testcase name="getUserById()" classname="com.ultras.footbalticketsapp.users.UserServiceTest" time="0.002"/>
  <testcase name="deleteUserById()" classname="com.ultras.footbalticketsapp.users.UserServiceTest" time="0.001"/>
  <testcase name="updatePassword()" classname="com.ultras.footbalticketsapp.users.UserServiceTest" time="0.002"/>
  <system-out><![CDATA[]]></system-out>
  <system-err><![CDATA[]]></system-err>
</testsuite>
