<?xml version="1.0" encoding="UTF-8"?>
<testsuite name="com.ultras.footbalticketsapp.service.TicketServiceImplTest" tests="4" skipped="0" failures="0" errors="0" timestamp="2022-11-25T20:28:41" hostname="LUC" time="0.027">
  <properties/>
  <testcase name="testGetTicketById2()" classname="com.ultras.footbalticketsapp.service.TicketServiceImplTest" time="0.009"/>
  <testcase name="testGetTicketsByUserId()" classname="com.ultras.footbalticketsapp.service.TicketServiceImplTest" time="0.004"/>
  <testcase name="testGetTicketById()" classname="com.ultras.footbalticketsapp.service.TicketServiceImplTest" time="0.006"/>
  <testcase name="testGetTicketsByUserId2()" classname="com.ultras.footbalticketsapp.service.TicketServiceImplTest" time="0.005"/>
  <system-out><![CDATA[2022-11-25 21:28:41.214  INFO 3800 --- [    Test worker] o.s.t.c.s.DefaultTestContextBootstrapper : Loaded default TestExecutionListener class names from location [META-INF/spring.factories]: [org.springframework.security.test.context.support.WithSecurityContextTestExecutionListener, org.springframework.security.test.context.support.ReactorContextTestExecutionListener, org.springframework.boot.test.autoconfigure.restdocs.RestDocsTestExecutionListener, org.springframework.boot.test.autoconfigure.web.client.MockRestServiceServerResetTestExecutionListener, org.springframework.boot.test.autoconfigure.web.servlet.MockMvcPrintOnlyOnFailureTestExecutionListener, org.springframework.boot.test.autoconfigure.web.servlet.WebDriverTestExecutionListener, org.springframework.boot.test.autoconfigure.webservices.client.MockWebServiceServerTestExecutionListener, org.springframework.boot.test.mock.mockito.MockitoTestExecutionListener, org.springframework.boot.test.mock.mockito.ResetMocksTestExecutionListener, org.springframework.test.context.web.ServletTestExecutionListener, org.springframework.test.context.support.DirtiesContextBeforeModesTestExecutionListener, org.springframework.test.context.event.ApplicationEventsTestExecutionListener, org.springframework.test.context.support.DependencyInjectionTestExecutionListener, org.springframework.test.context.support.DirtiesContextTestExecutionListener, org.springframework.test.context.transaction.TransactionalTestExecutionListener, org.springframework.test.context.jdbc.SqlScriptsTestExecutionListener, org.springframework.test.context.event.EventPublishingTestExecutionListener]
2022-11-25 21:28:41.215  INFO 3800 --- [    Test worker] o.s.t.c.s.DefaultTestContextBootstrapper : Using TestExecutionListeners: [org.springframework.test.context.web.ServletTestExecutionListener@36cfb0a7, org.springframework.test.context.support.DirtiesContextBeforeModesTestExecutionListener@6e9fb099, org.springframework.test.context.event.ApplicationEventsTestExecutionListener@5b9274c1, org.springframework.boot.test.mock.mockito.MockitoTestExecutionListener@24e98b2e, org.springframework.test.context.support.DependencyInjectionTestExecutionListener@6fe84d9c, org.springframework.test.context.support.DirtiesContextTestExecutionListener@7ce02380, org.springframework.test.context.transaction.TransactionalTestExecutionListener@349c64a1, org.springframework.test.context.jdbc.SqlScriptsTestExecutionListener@5c4429e7, org.springframework.security.test.context.support.WithSecurityContextTestExecutionListener@71ed0b5e, org.springframework.test.context.event.EventPublishingTestExecutionListener@c6cdac0, org.springframework.security.test.context.support.ReactorContextTestExecutionListener@5b020e80, org.springframework.boot.test.autoconfigure.restdocs.RestDocsTestExecutionListener@26740f16, org.springframework.boot.test.autoconfigure.web.client.MockRestServiceServerResetTestExecutionListener@3fda577d, org.springframework.boot.test.autoconfigure.web.servlet.MockMvcPrintOnlyOnFailureTestExecutionListener@550a209c, org.springframework.boot.test.autoconfigure.web.servlet.WebDriverTestExecutionListener@1eb742b3, org.springframework.boot.test.autoconfigure.webservices.client.MockWebServiceServerTestExecutionListener@18bdf2cc, org.springframework.boot.test.mock.mockito.ResetMocksTestExecutionListener@75b12f19]
]]></system-out>
  <system-err><![CDATA[]]></system-err>
</testsuite>
