<?xml version="1.0" encoding="UTF-8"?>
<testsuite name="com.ultras.footbalticketsapp.controller.FootballTeamControllerTest" tests="8" skipped="8" failures="0" errors="0" timestamp="2022-11-25T20:28:39" hostname="LUC" time="0.007">
  <properties/>
  <testcase name="testDeleteFootballTeam()" classname="com.ultras.footbalticketsapp.controller.FootballTeamControllerTest" time="0.001">
    <skipped/>
  </testcase>
  <testcase name="testUpdateFootballTeam()" classname="com.ultras.footbalticketsapp.controller.FootballTeamControllerTest" time="0.0">
    <skipped/>
  </testcase>
  <testcase name="testSaveFootballTeam()" classname="com.ultras.footbalticketsapp.controller.FootballTeamControllerTest" time="0.0">
    <skipped/>
  </testcase>
  <testcase name="testGetFootballTeamById()" classname="com.ultras.footbalticketsapp.controller.FootballTeamControllerTest" time="0.0">
    <skipped/>
  </testcase>
  <testcase name="testGetFootballTeamById2()" classname="com.ultras.footbalticketsapp.controller.FootballTeamControllerTest" time="0.0">
    <skipped/>
  </testcase>
  <testcase name="testGetAllFootballTeams()" classname="com.ultras.footbalticketsapp.controller.FootballTeamControllerTest" time="0.0">
    <skipped/>
  </testcase>
  <testcase name="testGetAllFootballTeams2()" classname="com.ultras.footbalticketsapp.controller.FootballTeamControllerTest" time="0.0">
    <skipped/>
  </testcase>
  <testcase name="testDeleteFootballTeam2()" classname="com.ultras.footbalticketsapp.controller.FootballTeamControllerTest" time="0.001">
    <skipped/>
  </testcase>
  <system-out><![CDATA[2022-11-25 21:28:39.613  INFO 3800 --- [    Test worker] o.s.t.c.s.DefaultTestContextBootstrapper : Loaded default TestExecutionListener class names from location [META-INF/spring.factories]: [org.springframework.security.test.context.support.WithSecurityContextTestExecutionListener, org.springframework.security.test.context.support.ReactorContextTestExecutionListener, org.springframework.boot.test.autoconfigure.restdocs.RestDocsTestExecutionListener, org.springframework.boot.test.autoconfigure.web.client.MockRestServiceServerResetTestExecutionListener, org.springframework.boot.test.autoconfigure.web.servlet.MockMvcPrintOnlyOnFailureTestExecutionListener, org.springframework.boot.test.autoconfigure.web.servlet.WebDriverTestExecutionListener, org.springframework.boot.test.autoconfigure.webservices.client.MockWebServiceServerTestExecutionListener, org.springframework.boot.test.mock.mockito.MockitoTestExecutionListener, org.springframework.boot.test.mock.mockito.ResetMocksTestExecutionListener, org.springframework.test.context.web.ServletTestExecutionListener, org.springframework.test.context.support.DirtiesContextBeforeModesTestExecutionListener, org.springframework.test.context.event.ApplicationEventsTestExecutionListener, org.springframework.test.context.support.DependencyInjectionTestExecutionListener, org.springframework.test.context.support.DirtiesContextTestExecutionListener, org.springframework.test.context.transaction.TransactionalTestExecutionListener, org.springframework.test.context.jdbc.SqlScriptsTestExecutionListener, org.springframework.test.context.event.EventPublishingTestExecutionListener]
2022-11-25 21:28:39.613  INFO 3800 --- [    Test worker] o.s.t.c.s.DefaultTestContextBootstrapper : Using TestExecutionListeners: [org.springframework.test.context.web.ServletTestExecutionListener@5d4d66e9, org.springframework.test.context.support.DirtiesContextBeforeModesTestExecutionListener@49d0e934, org.springframework.test.context.event.ApplicationEventsTestExecutionListener@2f7f98bf, org.springframework.boot.test.mock.mockito.MockitoTestExecutionListener@b7ee72e, org.springframework.test.context.support.DependencyInjectionTestExecutionListener@3db2a286, org.springframework.test.context.support.DirtiesContextTestExecutionListener@7365754d, org.springframework.test.context.transaction.TransactionalTestExecutionListener@200ca1fe, org.springframework.test.context.jdbc.SqlScriptsTestExecutionListener@5c376546, org.springframework.security.test.context.support.WithSecurityContextTestExecutionListener@74394ad4, org.springframework.test.context.event.EventPublishingTestExecutionListener@2cae9603, org.springframework.security.test.context.support.ReactorContextTestExecutionListener@6968c139, org.springframework.boot.test.autoconfigure.restdocs.RestDocsTestExecutionListener@e129407, org.springframework.boot.test.autoconfigure.web.client.MockRestServiceServerResetTestExecutionListener@30c300fb, org.springframework.boot.test.autoconfigure.web.servlet.MockMvcPrintOnlyOnFailureTestExecutionListener@6885966e, org.springframework.boot.test.autoconfigure.web.servlet.WebDriverTestExecutionListener@474bf34e, org.springframework.boot.test.autoconfigure.webservices.client.MockWebServiceServerTestExecutionListener@5de3f50c, org.springframework.boot.test.mock.mockito.ResetMocksTestExecutionListener@750ff293]
]]></system-out>
  <system-err><![CDATA[]]></system-err>
</testsuite>
