<?xml version="1.0" encoding="UTF-8"?>
<testsuite name="com.ultras.footbalticketsapp.FootbalTicketsAppApplicationTests" tests="1" skipped="0" failures="0" errors="0" timestamp="2022-11-25T20:28:39" hostname="LUC" time="0.193">
  <properties/>
  <testcase name="contextLoads()" classname="com.ultras.footbalticketsapp.FootbalTicketsAppApplicationTests" time="0.193"/>
  <system-out><![CDATA[21:28:32.600 [Test worker] DEBUG org.springframework.test.context.BootstrapUtils - Instantiating CacheAwareContextLoaderDelegate from class [org.springframework.test.context.cache.DefaultCacheAwareContextLoaderDelegate]
21:28:32.622 [Test worker] DEBUG org.springframework.test.context.BootstrapUtils - Instantiating BootstrapContext using constructor [public org.springframework.test.context.support.DefaultBootstrapContext(java.lang.Class,org.springframework.test.context.CacheAwareContextLoaderDelegate)]
21:28:32.682 [Test worker] DEBUG org.springframework.test.context.BootstrapUtils - Instantiating TestContextBootstrapper for test class [com.ultras.footbalticketsapp.FootbalTicketsAppApplicationTests] from class [org.springframework.boot.test.context.SpringBootTestContextBootstrapper]
21:28:32.698 [Test worker] INFO org.springframework.boot.test.context.SpringBootTestContextBootstrapper - Neither @ContextConfiguration nor @ContextHierarchy found for test class [com.ultras.footbalticketsapp.FootbalTicketsAppApplicationTests], using SpringBootContextLoader
21:28:32.706 [Test worker] DEBUG org.springframework.test.context.support.AbstractContextLoader - Did not detect default resource location for test class [com.ultras.footbalticketsapp.FootbalTicketsAppApplicationTests]: class path resource [com/ultras/footbalticketsapp/FootbalTicketsAppApplicationTests-context.xml] does not exist
21:28:32.707 [Test worker] DEBUG org.springframework.test.context.support.AbstractContextLoader - Did not detect default resource location for test class [com.ultras.footbalticketsapp.FootbalTicketsAppApplicationTests]: class path resource [com/ultras/footbalticketsapp/FootbalTicketsAppApplicationTestsContext.groovy] does not exist
21:28:32.707 [Test worker] INFO org.springframework.test.context.support.AbstractContextLoader - Could not detect default resource locations for test class [com.ultras.footbalticketsapp.FootbalTicketsAppApplicationTests]: no resource found for suffixes {-context.xml, Context.groovy}.
21:28:32.708 [Test worker] INFO org.springframework.test.context.support.AnnotationConfigContextLoaderUtils - Could not detect default configuration classes for test class [com.ultras.footbalticketsapp.FootbalTicketsAppApplicationTests]: FootbalTicketsAppApplicationTests does not declare any static, non-private, non-final, nested classes annotated with @Configuration.
21:28:32.817 [Test worker] DEBUG org.springframework.test.context.support.ActiveProfilesUtils - Could not find an 'annotation declaring class' for annotation type [org.springframework.test.context.ActiveProfiles] and class [com.ultras.footbalticketsapp.FootbalTicketsAppApplicationTests]
21:28:32.962 [Test worker] DEBUG org.springframework.context.annotation.ClassPathScanningCandidateComponentProvider - Identified candidate component class: file [C:\Users\lacho\Desktop\football-app\football-tickets-app\build\classes\java\main\com\ultras\footbalticketsapp\FootbalTicketsAppApplication.class]
21:28:32.964 [Test worker] INFO org.springframework.boot.test.context.SpringBootTestContextBootstrapper - Found @SpringBootConfiguration com.ultras.footbalticketsapp.FootbalTicketsAppApplication for test class com.ultras.footbalticketsapp.FootbalTicketsAppApplicationTests
21:28:33.128 [Test worker] DEBUG org.springframework.boot.test.context.SpringBootTestContextBootstrapper - @TestExecutionListeners is not present for class [com.ultras.footbalticketsapp.FootbalTicketsAppApplicationTests]: using defaults.
21:28:33.129 [Test worker] INFO org.springframework.boot.test.context.SpringBootTestContextBootstrapper - Loaded default TestExecutionListener class names from location [META-INF/spring.factories]: [org.springframework.security.test.context.support.WithSecurityContextTestExecutionListener, org.springframework.security.test.context.support.ReactorContextTestExecutionListener, org.springframework.boot.test.autoconfigure.restdocs.RestDocsTestExecutionListener, org.springframework.boot.test.autoconfigure.web.client.MockRestServiceServerResetTestExecutionListener, org.springframework.boot.test.autoconfigure.web.servlet.MockMvcPrintOnlyOnFailureTestExecutionListener, org.springframework.boot.test.autoconfigure.web.servlet.WebDriverTestExecutionListener, org.springframework.boot.test.autoconfigure.webservices.client.MockWebServiceServerTestExecutionListener, org.springframework.boot.test.mock.mockito.MockitoTestExecutionListener, org.springframework.boot.test.mock.mockito.ResetMocksTestExecutionListener, org.springframework.test.context.web.ServletTestExecutionListener, org.springframework.test.context.support.DirtiesContextBeforeModesTestExecutionListener, org.springframework.test.context.event.ApplicationEventsTestExecutionListener, org.springframework.test.context.support.DependencyInjectionTestExecutionListener, org.springframework.test.context.support.DirtiesContextTestExecutionListener, org.springframework.test.context.transaction.TransactionalTestExecutionListener, org.springframework.test.context.jdbc.SqlScriptsTestExecutionListener, org.springframework.test.context.event.EventPublishingTestExecutionListener]
21:28:33.158 [Test worker] INFO org.springframework.boot.test.context.SpringBootTestContextBootstrapper - Using TestExecutionListeners: [org.springframework.test.context.web.ServletTestExecutionListener@4aa2877c, org.springframework.test.context.support.DirtiesContextBeforeModesTestExecutionListener@307e4c44, org.springframework.test.context.event.ApplicationEventsTestExecutionListener@2a8a3ada, org.springframework.boot.test.mock.mockito.MockitoTestExecutionListener@500051c5, org.springframework.boot.test.autoconfigure.SpringBootDependencyInjectionTestExecutionListener@ec7b5de, org.springframework.test.context.support.DirtiesContextTestExecutionListener@4c19d42e, org.springframework.test.context.transaction.TransactionalTestExecutionListener@373e6b9d, org.springframework.test.context.jdbc.SqlScriptsTestExecutionListener@65629ac6, org.springframework.security.test.context.support.WithSecurityContextTestExecutionListener@56b8aaf1, org.springframework.test.context.event.EventPublishingTestExecutionListener@5482bcac, org.springframework.security.test.context.support.ReactorContextTestExecutionListener@10244722, org.springframework.boot.test.autoconfigure.restdocs.RestDocsTestExecutionListener@61615b4a, org.springframework.boot.test.autoconfigure.web.client.MockRestServiceServerResetTestExecutionListener@721d8ab5, org.springframework.boot.test.autoconfigure.web.servlet.MockMvcPrintOnlyOnFailureTestExecutionListener@33bb3f86, org.springframework.boot.test.autoconfigure.web.servlet.WebDriverTestExecutionListener@1946384, org.springframework.boot.test.autoconfigure.webservices.client.MockWebServiceServerTestExecutionListener@6ac4c3f7, org.springframework.boot.test.mock.mockito.ResetMocksTestExecutionListener@7412a438]
21:28:33.165 [Test worker] DEBUG org.springframework.test.context.support.AbstractDirtiesContextTestExecutionListener - Before test class: context [DefaultTestContext@285583d4 testClass = FootbalTicketsAppApplicationTests, testInstance = [null], testMethod = [null], testException = [null], mergedContextConfiguration = [WebMergedContextConfiguration@1039bfc4 testClass = FootbalTicketsAppApplicationTests, locations = '{}', classes = '{class com.ultras.footbalticketsapp.FootbalTicketsAppApplication}', contextInitializerClasses = '[]', activeProfiles = '{}', propertySourceLocations = '{}', propertySourceProperties = '{org.springframework.boot.test.context.SpringBootTestContextBootstrapper=true}', contextCustomizers = set[org.springframework.boot.test.autoconfigure.actuate.metrics.MetricsExportContextCustomizerFactory$DisableMetricExportContextCustomizer@767191b1, org.springframework.boot.test.autoconfigure.properties.PropertyMappingContextCustomizer@0, org.springframework.boot.test.autoconfigure.web.servlet.WebDriverContextCustomizerFactory$Customizer@6ede46f6, org.springframework.boot.test.context.filter.ExcludeFilterContextCustomizer@e5cbff2, org.springframework.boot.test.json.DuplicateJsonObjectContextCustomizerFactory$DuplicateJsonObjectContextCustomizer@5fa23c, org.springframework.boot.test.mock.mockito.MockitoContextCustomizer@0, org.springframework.boot.test.web.client.TestRestTemplateContextCustomizer@71a06021, org.springframework.boot.test.context.SpringBootTestArgs@1, org.springframework.boot.test.context.SpringBootTestWebEnvironment@503d56b5], resourceBasePath = 'src/main/webapp', contextLoader = 'org.springframework.boot.test.context.SpringBootContextLoader', parent = [null]], attributes = map['org.springframework.test.context.web.ServletTestExecutionListener.activateListener' -> true]], class annotated with @DirtiesContext [false] with mode [null].

  .   ____          _            __ _ _
 /\\ / ___'_ __ _ _(_)_ __  __ _ \ \ \ \
( ( )\___ | '_ | '_| | '_ \/ _` | \ \ \ \
 \\/  ___)| |_)| | | | | || (_| |  ) ) ) )
  '  |____| .__|_| |_|_| |_\__, | / / / /
 =========|_|==============|___/=/_/_/_/
 :: Spring Boot ::                (v2.7.3)

2022-11-25 21:28:33.542  INFO 3800 --- [    Test worker] c.u.f.FootbalTicketsAppApplicationTests  : Starting FootbalTicketsAppApplicationTests using Java 17.0.4.1 on Luc with PID 3800 (started by lacho in C:\Users\lacho\Desktop\football-app\football-tickets-app)
2022-11-25 21:28:33.543  INFO 3800 --- [    Test worker] c.u.f.FootbalTicketsAppApplicationTests  : No active profile set, falling back to 1 default profile: "default"
2022-11-25 21:28:34.938  INFO 3800 --- [    Test worker] .s.d.r.c.RepositoryConfigurationDelegate : Bootstrapping Spring Data JPA repositories in DEFAULT mode.
2022-11-25 21:28:35.042  INFO 3800 --- [    Test worker] .s.d.r.c.RepositoryConfigurationDelegate : Finished Spring Data repository scanning in 90 ms. Found 5 JPA repository interfaces.
2022-11-25 21:28:35.739  INFO 3800 --- [    Test worker] o.hibernate.jpa.internal.util.LogHelper  : HHH000204: Processing PersistenceUnitInfo [name: default]
2022-11-25 21:28:35.812  INFO 3800 --- [    Test worker] org.hibernate.Version                    : HHH000412: Hibernate ORM core version 5.6.10.Final
2022-11-25 21:28:36.026  INFO 3800 --- [    Test worker] o.hibernate.annotations.common.Version   : HCANN000001: Hibernate Commons Annotations {5.1.2.Final}
2022-11-25 21:28:36.153  INFO 3800 --- [    Test worker] com.zaxxer.hikari.HikariDataSource       : HikariPool-1 - Starting...
2022-11-25 21:28:36.415  INFO 3800 --- [    Test worker] com.zaxxer.hikari.HikariDataSource       : HikariPool-1 - Start completed.
2022-11-25 21:28:36.433  INFO 3800 --- [    Test worker] org.hibernate.dialect.Dialect            : HHH000400: Using dialect: org.hibernate.dialect.MySQL5InnoDBDialect
2022-11-25 21:28:37.321  INFO 3800 --- [    Test worker] o.h.e.t.j.p.i.JtaPlatformInitiator       : HHH000490: Using JtaPlatform implementation: [org.hibernate.engine.transaction.jta.platform.internal.NoJtaPlatform]
2022-11-25 21:28:37.330  INFO 3800 --- [    Test worker] j.LocalContainerEntityManagerFactoryBean : Initialized JPA EntityManagerFactory for persistence unit 'default'
2022-11-25 21:28:38.011  WARN 3800 --- [    Test worker] JpaBaseConfiguration$JpaWebConfiguration : spring.jpa.open-in-view is enabled by default. Therefore, database queries may be performed during view rendering. Explicitly configure spring.jpa.open-in-view to disable this warning
2022-11-25 21:28:38.293  INFO 3800 --- [    Test worker] o.s.s.web.DefaultSecurityFilterChain     : Will secure any request with [org.springframework.security.web.session.DisableEncodeUrlFilter@2e365bd3, org.springframework.security.web.context.request.async.WebAsyncManagerIntegrationFilter@25684391, org.springframework.security.web.context.SecurityContextPersistenceFilter@6e6b415, org.springframework.security.web.header.HeaderWriterFilter@4369ad74, org.springframework.web.filter.CorsFilter@69d41156, org.springframework.security.web.authentication.logout.LogoutFilter@33032086, com.ultras.footbalticketsapp.security.AuthorizationFilter@50ad06ef, com.ultras.footbalticketsapp.security.AuthenticationFilter@4c5937ea, org.springframework.security.web.savedrequest.RequestCacheAwareFilter@31b0501a, org.springframework.security.web.servletapi.SecurityContextHolderAwareRequestFilter@1ce585c9, org.springframework.security.web.authentication.AnonymousAuthenticationFilter@2bca913b, org.springframework.security.web.session.SessionManagementFilter@50d2bf1c, org.springframework.security.web.access.ExceptionTranslationFilter@4aa39a18, org.springframework.security.web.access.intercept.FilterSecurityInterceptor@f9c04e]
2022-11-25 21:28:39.377  INFO 3800 --- [    Test worker] o.s.m.s.b.SimpleBrokerMessageHandler     : Starting...
2022-11-25 21:28:39.377  INFO 3800 --- [    Test worker] o.s.m.s.b.SimpleBrokerMessageHandler     : BrokerAvailabilityEvent[available=true, SimpleBrokerMessageHandler [org.springframework.messaging.simp.broker.DefaultSubscriptionRegistry@7fdf3d7e]]
2022-11-25 21:28:39.378  INFO 3800 --- [    Test worker] o.s.m.s.b.SimpleBrokerMessageHandler     : Started.
2022-11-25 21:28:39.387  INFO 3800 --- [    Test worker] c.u.f.FootbalTicketsAppApplicationTests  : Started FootbalTicketsAppApplicationTests in 6.165 seconds (JVM running for 8.377)
]]></system-out>
  <system-err><![CDATA[]]></system-err>
</testsuite>
