<?xml version="1.0" encoding="UTF-8"?>
<testsuite name="com.ultras.footbalticketsapp.tickets.TicketServiceTest" tests="2" skipped="0" failures="0" errors="0" timestamp="2022-11-25T20:28:41" hostname="LUC" time="0.004">
  <properties/>
  <testcase name="testGetTicketsByUserId()" classname="com.ultras.footbalticketsapp.tickets.TicketServiceTest" time="0.002"/>
  <testcase name="testGetTicketById()" classname="com.ultras.footbalticketsapp.tickets.TicketServiceTest" time="0.001"/>
  <system-out><![CDATA[]]></system-out>
  <system-err><![CDATA[]]></system-err>
</testsuite>
