<?xml version="1.0" encoding="UTF-8"?>
<testsuite name="com.ultras.footbalticketsapp.controller.TicketControllerTest" tests="4" skipped="0" failures="0" errors="0" timestamp="2022-11-25T20:28:39" hostname="LUC" time="0.236">
  <properties/>
  <testcase name="testGetTicketsByUserId()" classname="com.ultras.footbalticketsapp.controller.TicketControllerTest" time="0.107"/>
  <testcase name="testGetTicketById()" classname="com.ultras.footbalticketsapp.controller.TicketControllerTest" time="0.042"/>
  <testcase name="testBuyTicket()" classname="com.ultras.footbalticketsapp.controller.TicketControllerTest" time="0.069"/>
  <testcase name="testGetTicketsByUserId2()" classname="com.ultras.footbalticketsapp.controller.TicketControllerTest" time="0.015"/>
  <system-out><![CDATA[2022-11-25 21:28:39.710  INFO 3800 --- [    Test worker] o.s.t.c.s.DefaultTestContextBootstrapper : Loaded default TestExecutionListener class names from location [META-INF/spring.factories]: [org.springframework.security.test.context.support.WithSecurityContextTestExecutionListener, org.springframework.security.test.context.support.ReactorContextTestExecutionListener, org.springframework.boot.test.autoconfigure.restdocs.RestDocsTestExecutionListener, org.springframework.boot.test.autoconfigure.web.client.MockRestServiceServerResetTestExecutionListener, org.springframework.boot.test.autoconfigure.web.servlet.MockMvcPrintOnlyOnFailureTestExecutionListener, org.springframework.boot.test.autoconfigure.web.servlet.WebDriverTestExecutionListener, org.springframework.boot.test.autoconfigure.webservices.client.MockWebServiceServerTestExecutionListener, org.springframework.boot.test.mock.mockito.MockitoTestExecutionListener, org.springframework.boot.test.mock.mockito.ResetMocksTestExecutionListener, org.springframework.test.context.web.ServletTestExecutionListener, org.springframework.test.context.support.DirtiesContextBeforeModesTestExecutionListener, org.springframework.test.context.event.ApplicationEventsTestExecutionListener, org.springframework.test.context.support.DependencyInjectionTestExecutionListener, org.springframework.test.context.support.DirtiesContextTestExecutionListener, org.springframework.test.context.transaction.TransactionalTestExecutionListener, org.springframework.test.context.jdbc.SqlScriptsTestExecutionListener, org.springframework.test.context.event.EventPublishingTestExecutionListener]
2022-11-25 21:28:39.711  INFO 3800 --- [    Test worker] o.s.t.c.s.DefaultTestContextBootstrapper : Using TestExecutionListeners: [org.springframework.test.context.web.ServletTestExecutionListener@24c08b5d, org.springframework.test.context.support.DirtiesContextBeforeModesTestExecutionListener@7bdc0ad3, org.springframework.test.context.event.ApplicationEventsTestExecutionListener@68b59ceb, org.springframework.boot.test.mock.mockito.MockitoTestExecutionListener@70aa1dd6, org.springframework.test.context.support.DependencyInjectionTestExecutionListener@5090eafd, org.springframework.test.context.support.DirtiesContextTestExecutionListener@4b81e8ae, org.springframework.test.context.transaction.TransactionalTestExecutionListener@f9777f1, org.springframework.test.context.jdbc.SqlScriptsTestExecutionListener@2ff39f78, org.springframework.security.test.context.support.WithSecurityContextTestExecutionListener@78635f79, org.springframework.test.context.event.EventPublishingTestExecutionListener@3ce30c43, org.springframework.security.test.context.support.ReactorContextTestExecutionListener@87fdcd1, org.springframework.boot.test.autoconfigure.restdocs.RestDocsTestExecutionListener@3bc49af9, org.springframework.boot.test.autoconfigure.web.client.MockRestServiceServerResetTestExecutionListener@593e926f, org.springframework.boot.test.autoconfigure.web.servlet.MockMvcPrintOnlyOnFailureTestExecutionListener@7d9b0c1f, org.springframework.boot.test.autoconfigure.web.servlet.WebDriverTestExecutionListener@b74ce29, org.springframework.boot.test.autoconfigure.webservices.client.MockWebServiceServerTestExecutionListener@14788eec, org.springframework.boot.test.mock.mockito.ResetMocksTestExecutionListener@3978cbe6]
2022-11-25 21:28:39.778  INFO 3800 --- [    Test worker] o.s.mock.web.MockServletContext          : Initializing Spring TestDispatcherServlet ''
2022-11-25 21:28:39.778  INFO 3800 --- [    Test worker] o.s.t.web.servlet.TestDispatcherServlet  : Initializing Servlet ''
2022-11-25 21:28:39.779  INFO 3800 --- [    Test worker] o.s.t.web.servlet.TestDispatcherServlet  : Completed initialization in 1 ms
2022-11-25 21:28:39.846  INFO 3800 --- [    Test worker] o.s.mock.web.MockServletContext          : Initializing Spring TestDispatcherServlet ''
2022-11-25 21:28:39.846  INFO 3800 --- [    Test worker] o.s.t.web.servlet.TestDispatcherServlet  : Initializing Servlet ''
2022-11-25 21:28:39.847  INFO 3800 --- [    Test worker] o.s.t.web.servlet.TestDispatcherServlet  : Completed initialization in 0 ms
2022-11-25 21:28:39.899  INFO 3800 --- [    Test worker] o.s.mock.web.MockServletContext          : Initializing Spring TestDispatcherServlet ''
2022-11-25 21:28:39.899  INFO 3800 --- [    Test worker] o.s.t.web.servlet.TestDispatcherServlet  : Initializing Servlet ''
2022-11-25 21:28:39.899  INFO 3800 --- [    Test worker] o.s.t.web.servlet.TestDispatcherServlet  : Completed initialization in 0 ms
2022-11-25 21:28:39.958  INFO 3800 --- [    Test worker] o.s.mock.web.MockServletContext          : Initializing Spring TestDispatcherServlet ''
2022-11-25 21:28:39.959  INFO 3800 --- [    Test worker] o.s.t.web.servlet.TestDispatcherServlet  : Initializing Servlet ''
2022-11-25 21:28:39.959  INFO 3800 --- [    Test worker] o.s.t.web.servlet.TestDispatcherServlet  : Completed initialization in 0 ms
]]></system-out>
  <system-err><![CDATA[]]></system-err>
</testsuite>
